<?xml version="1.0" encoding="UTF-8"?>
<!-- Generated by org.testng.reporters.JUnitReportReporter -->
<testsuite hostname="LAPTOP-3G5OJ9V6" failures="0" tests="5" name="test.LoginTest" time="34.273" errors="0" timestamp="2022-06-13T23:01:45 EDT" skipped="0">
  <testcase classname="test.LoginTest" name="testCustomerLogout" time="7.657"/>
  <system-out/>
  <testcase classname="test.LoginTest" name="testHomeButton" time="7.653"/>
  <system-out/>
  <testcase classname="test.LoginTest" name="testCustomerLogin" time="8.037"/>
  <system-out/>
  <testcase classname="test.LoginTest" name="testLoginPageTitle" time="1.987"/>
  <system-out/>
  <testcase classname="test.LoginTest" name="testManagerLogin" time="8.939"/>
  <system-out/>
</testsuite> <!-- test.LoginTest -->
