<?xml version="1.0" encoding="UTF-8"?>
<!-- Generated by org.testng.reporters.JUnitReportReporter -->
<testsuite hostname="LAPTOP-3G5OJ9V6" failures="0" tests="5" name="test.LoginTest" time="35.033" errors="0" timestamp="2022-06-15T18:55:09 EDT" skipped="0">
  <testcase classname="test.LoginTest" name="testLoginPageTitle" time="2.829"/>
  <system-out/>
  <testcase classname="test.LoginTest" name="testManagerLogin" time="7.608"/>
  <system-out/>
  <testcase classname="test.LoginTest" name="testCustomerLogin" time="7.770"/>
  <system-out/>
  <testcase classname="test.LoginTest" name="testCustomerLogout" time="8.536"/>
  <system-out/>
  <testcase classname="test.LoginTest" name="testHomeButton" time="8.290"/>
  <system-out/>
</testsuite> <!-- test.LoginTest -->
