<?xml version="1.0" encoding="UTF-8"?>
<!-- Generated by org.testng.reporters.JUnitReportReporter -->
<testsuite hostname="LAPTOP-3G5OJ9V6" failures="0" tests="1" name="test.CustomerTest" time="3.310" errors="0" timestamp="2022-06-13T23:01:45 EDT" skipped="0">
  <testcase classname="test.CustomerTest" name="testTransaction" time="3.310"/>
  <system-out/>
</testsuite> <!-- test.CustomerTest -->
