<?xml version="1.0" encoding="UTF-8"?>
<!-- Generated by org.testng.reporters.JUnitReportReporter -->
<testsuite hostname="LAPTOP-3G5OJ9V6" failures="0" tests="4" name="test.ManagerTest" time="20.242" errors="0" timestamp="2022-06-15T18:55:09 EDT" skipped="0">
  <testcase classname="test.ManagerTest" name="testAddCustomer" time="7.521"/>
  <system-out/>
  <testcase classname="test.ManagerTest" name="testCustomerInfo" time="1.947"/>
  <system-out/>
  <testcase classname="test.ManagerTest" name="testClickCustomers" time="7.832"/>
  <system-out/>
  <testcase classname="test.ManagerTest" name="testAccountInfo" time="2.942"/>
  <system-out/>
</testsuite> <!-- test.ManagerTest -->
