<?xml version="1.0" encoding="UTF-8"?>
<!-- Generated by org.testng.reporters.JUnitReportReporter -->
<testsuite hostname="LAPTOP-3G5OJ9V6" failures="0" tests="3" name="test.ManagerTest" time="12.643" errors="0" timestamp="2022-06-13T23:01:45 EDT" skipped="0">
  <testcase classname="test.ManagerTest" name="testAddCustomer" time="7.570"/>
  <system-out/>
  <testcase classname="test.ManagerTest" name="testAccountInfo" time="2.699"/>
  <system-out/>
  <testcase classname="test.ManagerTest" name="testCustomerInfo" time="2.374"/>
  <system-out/>
</testsuite> <!-- test.ManagerTest -->
