<?xml version="1.0" encoding="UTF-8"?>
<!-- Generated by org.testng.reporters.JUnitReportReporter -->
<testsuite hostname="LAPTOP-3G5OJ9V6" failures="0" tests="3" name="test.CustomerTest" time="24.795" errors="0" timestamp="2022-06-15T18:55:09 EDT" skipped="0">
  <testcase classname="test.CustomerTest" name="testDeposit" time="8.281"/>
  <system-out/>
  <testcase classname="test.CustomerTest" name="testTransaction" time="8.222"/>
  <system-out/>
  <testcase classname="test.CustomerTest" name="testWithdraw" time="8.292"/>
  <system-out/>
</testsuite> <!-- test.CustomerTest -->
